Arguments: 
  C:\Program Files\nodejs\node.exe C:\Program Files (x86)\Yarn\bin\yarn.js install

PATH: 
  C:\Program Files (x86)\Common Files\Oracle\Java\javapath;C:\apache-ant-1.10.1\bin;C:\ProgramData\Oracle\Java\javapath;C:\WINDOWS\system32;C:\WINDOWS;C:\WINDOWS\System32\Wbem;C:\WINDOWS\System32\WindowsPowerShell\v1.0\;C:\ Python34;C:\ Python34\Scripts;C:\Program Files\Git\cmd;C:\Gradle\gradle-4.2\bin;C:\Program Files\MATLAB\R2017b\bin;C:\WINDOWS\System32\OpenSSH\;C:\Strawberry\c\bin;C:\Strawberry\perl\site\bin;C:\Strawberry\perl\bin;C:\Program Files\nodejs\;C:\Program Files (x86)\Yarn\bin\;C:\Program Files\dotnet\;C:\Users\metak\AppData\Local\Programs\Python\Python36-32\Scripts\;C:\Users\metak\AppData\Local\Programs\Python\Python36-32\;C:\Users\metak\AppData\Local\Microsoft\WindowsApps;C:\Program Files\Bandizip\;C:\Users\metak\AppData\Local\Microsoft\WindowsApps;C:\Users\metak\AppData\Local\Programs\Microsoft VS Code\bin;C:\texlive\2018\bin\win32;C:\Users\metak\AppData\Roaming\npm;C:\Program Files\Java\jdk1.8.0_221\bin;c:\program files\apache-maven-3.6.1\bin;C:\Users\metak\AppData\Local\Yarn\bin;C:\Program Files\MongoDB\Server\4.2\bin;;C:\Program Files\JetBrains\CLion 2019.3\bin;;C:\Program Files\heroku\bin

Yarn version: 
  1.17.3

Node version: 
  10.16.0

Platform: 
  win32 x64

Trace: 
  Error: https://registry.yarnpkg.com/@material-ui/icons/-/icons-4.9.1.tgz: ESOCKETTIMEDOUT
      at ClientRequest.<anonymous> (C:\Program Files (x86)\Yarn\lib\cli.js:141091:19)
      at Object.onceWrapper (events.js:286:20)
      at ClientRequest.emit (events.js:198:13)
      at TLSSocket.emitRequestTimeout (_http_client.js:662:40)
      at Object.onceWrapper (events.js:286:20)
      at TLSSocket.emit (events.js:198:13)
      at TLSSocket.Socket._onTimeout (net.js:442:8)
      at ontimeout (timers.js:436:11)
      at tryOnTimeout (timers.js:300:5)
      at listOnTimeout (timers.js:263:5)

npm manifest: 
  {
    "name": "onegraphwebapp",
    "version": "0.1.0",
    "private": true,
    "dependencies": {
      "@babel/helper-call-delegate": "^7.10.4",
      "@date-io/dayjs": "1.x",
      "@iconify/icons-simple-icons": "^1.0.46",
      "@iconify/react": "^1.1.3",
      "@material-ui/core": "^4.5.1",
      "@material-ui/icons": "^4.5.1",
      "@material-ui/lab": "^4.0.0-alpha.56",
      "@material-ui/pickers": "^3.2.10",
      "animejs": "^3.2.0",
      "axios": "^0.20.0",
      "core-js": "^3.6.5",
      "crypto-js": "^4.0.0",
      "dayjs": "^1.8.36",
      "lodash-es": "^4.17.15",
      "material-table": "^1.57.2",
      "node-sass": "^4.14.1",
      "raf": "^3.4.1",
      "react": "^16.10.2",
      "react-dom": "^16.10.2",
      "react-intl": "^5.4.7",
      "react-router-dom": "^5.1.2",
      "react-scripts": "3.2.0",
      "react-uid": "^2.2.0",
      "regenerator-runtime": "^0.13.7",
      "sass": "^1.26.11",
      "sass-loader": "^10.0.2",
      "statezero": "^0.5.4"
    },
    "scripts": {
      "start": "react-scripts start",
      "build": "react-scripts build",
      "test": "react-scripts test",
      "eject": "react-scripts eject"
    },
    "eslintConfig": {
      "extends": "react-app"
    },
    "browserslist": {
      "production": [
        ">0.2%",
        "not dead",
        "not op_mini all",
        "ie > 9"
      ],
      "development": [
        "last 1 chrome version",
        "last 1 firefox version",
        "last 1 safari version",
        "ie > 9"
      ]
    },
    "proxy": "https://localhost:3000"
  }

yarn manifest: 
  No manifest

Lockfile: 
  No lockfile
